2025-09-06 19:06:36,096 - __main__ - INFO - Logging initialized
2025-09-06 19:06:36,097 - __main__ - INFO - Starting employee tool...
2025-09-06 19:06:36,097 - __main__ - INFO - Starting API server...
2025-09-06 19:06:36,177 - core.customer_manager - INFO - Loaded 0 customer records
2025-09-06 19:06:36,178 - core.grant_validator - WARNING - Car data file not found: C:\Users\ethan\OneDrive\Desktop\Hackathon\hackathon-project\employee_tool\..\hackathon-project\data\car_dataset.csv
2025-09-06 19:06:36,178 - core.grant_validator - INFO - Loaded 0 vehicle grant records
2025-09-06 19:06:36,193 - __main__ - INFO - API server running on http://localhost:8000
2025-09-06 19:08:33,299 - __main__ - INFO - Logging initialized
2025-09-06 19:08:33,299 - __main__ - INFO - Starting employee tool...
2025-09-06 19:08:33,299 - __main__ - INFO - Starting API server...
2025-09-06 19:08:33,324 - core.customer_manager - INFO - Loaded 0 customer records
2025-09-06 19:08:33,325 - core.grant_validator - WARNING - Car data file not found: c:\Users\ethan\OneDrive\Desktop\Hackathon\hackathon-project\employee_tool\..\hackathon-project\data\car_dataset.csv
2025-09-06 19:08:33,325 - core.grant_validator - INFO - Loaded 0 vehicle grant records
2025-09-06 19:08:33,332 - __main__ - INFO - API server running on http://localhost:8000
2025-09-06 19:16:36,340 - __main__ - INFO - Logging initialized
2025-09-06 19:16:36,340 - __main__ - INFO - Starting employee tool...
2025-09-06 19:16:36,341 - __main__ - INFO - Starting API server...
2025-09-06 19:16:36,368 - core.customer_manager - INFO - Loaded 3 customer records
2025-09-06 19:16:36,369 - core.grant_validator - INFO - Loaded 8 car records
2025-09-06 19:16:36,369 - core.grant_validator - INFO - Loaded 3 vehicle grant records
2025-09-06 19:16:36,376 - __main__ - INFO - API server running on http://localhost:8000
2025-09-06 19:17:23,697 - __main__ - INFO - Logging initialized
2025-09-06 19:17:23,698 - __main__ - INFO - Starting employee tool...
2025-09-06 19:17:23,698 - __main__ - INFO - Starting API server...
2025-09-06 19:17:23,723 - core.customer_manager - INFO - Loaded 3 customer records
2025-09-06 19:17:23,723 - core.grant_validator - INFO - Loaded 8 car records
2025-09-06 19:17:23,723 - core.grant_validator - INFO - Loaded 3 vehicle grant records
2025-09-06 19:17:23,730 - __main__ - INFO - API server running on http://localhost:8000
2025-09-06 19:52:43,149 - __main__ - INFO - Logging initialized
2025-09-06 19:52:43,150 - __main__ - INFO - Initializing data files...
2025-09-06 19:52:43,150 - __main__ - INFO - Data files initialized successfully
2025-09-06 19:52:56,605 - __main__ - INFO - Logging initialized
2025-09-06 19:52:56,606 - __main__ - INFO - Starting employee tool...
2025-09-06 19:53:10,837 - core.grant_validator - INFO - Loaded 8 car records
2025-09-06 19:53:10,839 - core.grant_validator - INFO - Loaded 3 vehicle grant records
2025-09-06 19:53:52,084 - __main__ - INFO - Logging initialized
2025-09-06 19:53:52,084 - __main__ - INFO - Starting employee tool...
2025-09-06 19:53:59,264 - utils.fuzzy_matcher - INFO - Loaded configuration from config.py
2025-09-06 19:54:12,697 - __main__ - INFO - Logging initialized
2025-09-06 19:54:12,697 - __main__ - INFO - Starting employee tool...
2025-09-06 19:57:44,238 - __main__ - INFO - Logging initialized
2025-09-06 19:57:44,238 - __main__ - INFO - Starting employee tool...
2025-09-06 20:29:48,059 - __main__ - INFO - Logging initialized
2025-09-06 20:29:48,059 - __main__ - INFO - Starting employee tool...
2025-09-06 20:33:45,570 - __main__ - INFO - Logging initialized
2025-09-06 20:33:45,570 - __main__ - INFO - Starting employee tool...
2025-09-06 20:36:36,910 - __main__ - INFO - Logging initialized
2025-09-06 20:36:36,910 - __main__ - INFO - Starting employee tool...
2025-09-06 20:41:39,403 - __main__ - INFO - Logging initialized
2025-09-06 20:41:39,404 - __main__ - INFO - Starting employee tool...
2025-09-07 21:48:08,671 - __main__ - INFO - Logging initialized
2025-09-07 21:48:08,671 - __main__ - INFO - Starting employee tool...
2025-09-07 21:58:54,688 - __main__ - INFO - Logging initialized
2025-09-07 21:58:54,689 - __main__ - INFO - Starting employee tool...
2025-09-07 21:59:17,690 - grant_validator - INFO - Loaded 8 car records
2025-09-07 21:59:17,692 - grant_validator - INFO - Loaded 3 vehicle grant records
2025-09-07 21:59:43,368 - utils.fuzzy_matcher - INFO - Loaded configuration from config.py
2025-09-07 21:59:48,374 - grant_validator - INFO - Loaded 8 car records
2025-09-07 21:59:48,376 - grant_validator - INFO - Loaded 3 vehicle grant records
2025-09-07 22:01:19,434 - grant_validator - INFO - Loaded 4 vehicle grant records
2025-09-07 22:01:19,435 - grant_validator - INFO - Added new vehicle grant GRANT20250907220048 by employee 123
2025-09-07 22:03:44,261 - grant_validator - INFO - Loaded 8 car records
2025-09-07 22:03:44,263 - grant_validator - INFO - Loaded 4 vehicle grant records
2025-09-07 22:03:57,426 - grant_validator - INFO - Found 2 grants matching 'abc 1234' in plate_number
2025-09-07 22:04:56,831 - grant_validator - INFO - Loaded 8 car records
2025-09-07 22:04:56,833 - grant_validator - INFO - Loaded 4 vehicle grant records
2025-09-07 22:04:56,834 - customer_manager - INFO - Loaded 3 customer records
2025-09-07 22:05:47,646 - grant_validator - INFO - Loaded 8 car records
2025-09-07 22:05:47,647 - grant_validator - INFO - Loaded 4 vehicle grant records
2025-09-07 22:05:47,648 - customer_manager - INFO - Loaded 3 customer records
